<?xml version="1.0" encoding="UTF-8"?>
<testng-results ignored="0" total="1" passed="1" failed="0" skipped="0">
  <reporter-output>
  </reporter-output>
  <suite started-at="2022-02-15T11:40:22 IST" name="Default suite" finished-at="2022-02-15T11:40:25 IST" duration-ms="2369">
    <groups>
    </groups>
    <test started-at="2022-02-15T11:40:22 IST" name="Default test" finished-at="2022-02-15T11:40:25 IST" duration-ms="2369">
      <class name="demopackage.NewTest">
        <test-method signature="RegistrationSuccessful()[pri:0, instance:demopackage.NewTest@35841320]" started-at="2022-02-15T11:40:22 IST" name="RegistrationSuccessful" finished-at="2022-02-15T11:40:24 IST" duration-ms="2344" status="PASS">
          <reporter-output>
          </reporter-output>
        </test-method> <!-- RegistrationSuccessful -->
      </class> <!-- demopackage.NewTest -->
    </test> <!-- Default test -->
  </suite> <!-- Default suite -->
</testng-results>
