<?xml version="1.0" encoding="UTF-8"?>
<testng-results ignored="0" total="2" passed="2" failed="0" skipped="0">
  <reporter-output>
  </reporter-output>
  <suite started-at="2022-02-15T12:41:48 IST" name="DemoProject by packages" finished-at="2022-02-15T12:41:51 IST" duration-ms="2508">
    <groups>
    </groups>
    <test started-at="2022-02-15T12:41:48 IST" name="demopackage" finished-at="2022-02-15T12:41:51 IST" duration-ms="2508">
      <class name="demopackage.NewTest">
        <test-method signature="RegistrationSuccessful()[pri:0, instance:demopackage.NewTest@26e356f0]" started-at="2022-02-15T12:41:50 IST" name="RegistrationSuccessful" finished-at="2022-02-15T12:41:51 IST" duration-ms="1089" status="PASS">
          <reporter-output>
          </reporter-output>
        </test-method> <!-- RegistrationSuccessful -->
      </class> <!-- demopackage.NewTest -->
      <class name="demopackage.DemoAPI">
        <test-method signature="getweatherDetails()[pri:0, instance:demopackage.DemoAPI@316bcf94]" started-at="2022-02-15T12:41:48 IST" name="getweatherDetails" finished-at="2022-02-15T12:41:50 IST" duration-ms="1394" status="PASS">
          <reporter-output>
          </reporter-output>
        </test-method> <!-- getweatherDetails -->
      </class> <!-- demopackage.DemoAPI -->
    </test> <!-- demopackage -->
  </suite> <!-- DemoProject by packages -->
</testng-results>
